<?xml version="1.0" encoding="UTF-8"?>
<!-- Generated by org.testng.reporters.JUnitReportReporter -->
<testsuite hostname="root" failures="0" tests="3" name="Practice_Test.Getproductinfo_Dataprovider_Test" time="18.390" errors="0" timestamp="2024-09-23T15:40:28 IST" skipped="0">
  <testcase classname="Practice_Test.Getproductinfo_Dataprovider_Test" name="getproductinfoTest" time="5.865"/>
  <testcase classname="Practice_Test.Getproductinfo_Dataprovider_Test" name="getproductinfoTest" time="6.641"/>
  <testcase classname="Practice_Test.Getproductinfo_Dataprovider_Test" name="getproductinfoTest" time="5.884"/>
</testsuite> <!-- Practice_Test.Getproductinfo_Dataprovider_Test -->
