<?xml version="1.0" encoding="UTF-8"?>
<!-- Generated by org.testng.reporters.JUnitReportReporter -->
<testsuite hostname="root" failures="0" tests="1" name="Practice_Test.InvoiceTtest2" time="0.011" errors="0" timestamp="2024-10-04T17:16:49 IST" skipped="0">
  <testcase classname="Practice_Test.InvoiceTtest2" name="activatesim" time="0.011"/>
</testsuite> <!-- Practice_Test.InvoiceTtest2 -->
