<?xml version="1.0" encoding="UTF-8"?>
<!-- Generated by org.testng.reporters.JUnitReportReporter -->
<testsuite hostname="root" failures="0" tests="3" name="com.comcast.crm.orgtest.CreateOrganizationtest" time="48.199" errors="0" timestamp="2024-10-21T16:22:53 IST" skipped="0">
  <testcase classname="com.comcast.crm.orgtest.CreateOrganizationtest" name="CreateOrganizationWithIndustriesTest" time="15.343"/>
  <testcase classname="com.comcast.crm.orgtest.CreateOrganizationtest" name="Deleteorgtest" time="19.408"/>
  <testcase classname="com.comcast.crm.orgtest.CreateOrganizationtest" name="CreateOrganizationtest" time="13.448"/>
</testsuite> <!-- com.comcast.crm.orgtest.CreateOrganizationtest -->
